time="2023-02-17T04:33:46+03:00" level=info msg="create router" func="main.main()" file="app.go,16"
time="2023-02-17T04:33:46+03:00" level=info msg="register user handler" func="main.main()" file="app.go,19"
time="2023-02-17T04:35:43+03:00" level=info msg="create router" func="main.main()" file="app.go,15"
time="2023-02-17T04:35:43+03:00" level=info msg="register user handler" func="main.main()" file="app.go,18"
time="2023-02-17T04:35:43+03:00" level=info msg="start application" func="main.start()" file="app.go,28"
time="2023-02-17T04:36:11+03:00" level=info msg="create router" func="main.main()" file="app.go,15"
time="2023-02-17T04:36:11+03:00" level=info msg="register user handler" func="main.main()" file="app.go,18"
time="2023-02-17T04:36:11+03:00" level=info msg="start application" func="main.start()" file="app.go,28"
time="2023-02-17T04:36:11+03:00" level=info msg="server is listening port 0.0.0.0:1234" func="main.start()" file="app.go,39"
time="2023-02-17T04:38:10+03:00" level=info msg="create router" func="main.main()" file="app.go,15"
time="2023-02-17T04:38:10+03:00" level=info msg="register user handler" func="main.main()" file="app.go,18"
time="2023-02-17T04:38:10+03:00" level=info msg="start application" func="main.start()" file="app.go,28"
time="2023-02-17T04:38:10+03:00" level=info msg="server is listening port 0.0.0.0:1234" func="main.start()" file="app.go,39"
time="2023-02-17T04:43:44+03:00" level=info msg="create router" func="main.main()" file="app.go,15"
time="2023-02-17T04:43:44+03:00" level=info msg="register user handler" func="main.main()" file="app.go,19"
time="2023-02-17T04:43:44+03:00" level=info msg="start application" func="main.start()" file="app.go,29"
time="2023-02-17T04:43:44+03:00" level=info msg="server is listening port 0.0.0.0:1234" func="main.start()" file="app.go,40"
time="2023-02-17T04:48:25+03:00" level=info msg="create router" func="main.main()" file="app.go,14"
time="2023-02-17T04:48:25+03:00" level=info msg="register user handler" func="main.main()" file="app.go,16"
time="2023-02-17T04:48:25+03:00" level=info msg="start application" func="main.start()" file="app.go,24"
time="2023-02-17T04:48:25+03:00" level=info msg="server is listening port 0.0.0.0:1234" func="main.start()" file="app.go,35"
time="2023-02-17T06:22:18+03:00" level=info msg="create router" func="main.main()" file="app.go,19"
time="2023-02-17T06:22:18+03:00" level=info msg="read application configuration" func="rest-api/internal/config.GetConfig.func1()" file="config.go,24"
time="2023-02-17T06:22:18+03:00" level=info func="rest-api/internal/config.GetConfig.func1()" file="config.go,28"
time="2023-02-17T06:22:18+03:00" level=fatal msg="open config.yaml: no such file or directory" func="rest-api/internal/config.GetConfig.func1()" file="config.go,29"
time="2023-02-17T06:23:21+03:00" level=info msg="create router" func="main.main()" file="app.go,19"
time="2023-02-17T06:23:21+03:00" level=info msg="read application configuration" func="rest-api/internal/config.GetConfig.func1()" file="config.go,24"
time="2023-02-17T06:23:21+03:00" level=info func="rest-api/internal/config.GetConfig.func1()" file="config.go,28"
time="2023-02-17T06:23:21+03:00" level=fatal msg="open config.yaml: no such file or directory" func="rest-api/internal/config.GetConfig.func1()" file="config.go,29"
time="2023-02-17T06:23:26+03:00" level=info msg="create router" func="main.main()" file="app.go,19"
time="2023-02-17T06:23:26+03:00" level=info msg="read application configuration" func="rest-api/internal/config.GetConfig.func1()" file="config.go,24"
time="2023-02-17T06:23:26+03:00" level=info func="rest-api/internal/config.GetConfig.func1()" file="config.go,28"
time="2023-02-17T06:23:26+03:00" level=fatal msg="open config.yaml: no such file or directory" func="rest-api/internal/config.GetConfig.func1()" file="config.go,29"
time="2023-02-17T06:31:12+03:00" level=info msg="create router" func="main.main()" file="app.go,19"
time="2023-02-17T06:31:12+03:00" level=info msg="read application configuration" func="rest-api/internal/config.GetConfig.func1()" file="config.go,24"
time="2023-02-17T06:31:12+03:00" level=info func="rest-api/internal/config.GetConfig.func1()" file="config.go,28"
time="2023-02-17T06:31:12+03:00" level=fatal msg="open config.yaml: no such file or directory" func="rest-api/internal/config.GetConfig.func1()" file="config.go,29"
time="2023-02-17T06:37:57+03:00" level=info msg="create router" func="main.main()" file="app.go,19"
time="2023-02-17T06:37:57+03:00" level=info msg="read application configuration" func="rest-api/internal/config.GetConfig.func1()" file="config.go,24"
time="2023-02-17T06:37:57+03:00" level=info func="rest-api/internal/config.GetConfig.func1()" file="config.go,28"
time="2023-02-17T06:37:57+03:00" level=fatal msg="open config.yaml: no such file or directory" func="rest-api/internal/config.GetConfig.func1()" file="config.go,29"
time="2023-02-17T06:44:44+03:00" level=info msg="create router" func="main.main()" file="app.go,19"
time="2023-02-17T06:44:44+03:00" level=info msg="read application configuration" func="rest-api/internal/config.GetConfig.func1()" file="config.go,25"
time="2023-02-17T06:44:44+03:00" level=info func="rest-api/internal/config.GetConfig.func1()" file="config.go,30"
time="2023-02-17T06:44:44+03:00" level=fatal msg="open config.yaml: no such file or directory" func="rest-api/internal/config.GetConfig.func1()" file="config.go,31"
time="2023-02-17T06:46:55+03:00" level=info msg="create router" func="main.main()" file="app.go,19"
time="2023-02-17T06:46:55+03:00" level=info msg="read application configuration" func="rest-api/internal/config.GetConfig.func1()" file="config.go,24"
time="2023-02-17T06:46:55+03:00" level=info msg="register user handler" func="main.main()" file="app.go,24"
time="2023-02-17T06:46:55+03:00" level=info msg="start application" func="main.start()" file="app.go,33"
time="2023-02-17T06:46:55+03:00" level=info msg="Listen tcp" func="main.start()" file="app.go,51"
time="2023-02-17T06:46:55+03:00" level=info msg="server is listening port 0.0.0.0:10000" func="main.start()" file="app.go,65"
time="2023-02-17T06:56:42+03:00" level=info msg="create router" func="main.main()" file="app.go,19"
time="2023-02-17T06:56:42+03:00" level=info msg="read application configuration" func="rest-api/internal/config.GetConfig.func1()" file="config.go,24"
time="2023-02-17T06:56:42+03:00" level=info msg="register user handler" func="main.main()" file="app.go,24"
time="2023-02-17T06:56:42+03:00" level=info msg="start application" func="main.start()" file="app.go,33"
time="2023-02-17T06:56:42+03:00" level=info msg="create socket" func="main.start()" file="app.go,44"
time="2023-02-17T06:56:42+03:00" level=debug msg="socket path: /private/var/folders/kb/s241lmtx1fzgm3g1t4hljb3w0000gn/T/GoLand/app.sock" func="main.start()" file="app.go,46"
time="2023-02-17T06:56:42+03:00" level=info msg="listen unix socket" func="main.start()" file="app.go,48"
time="2023-02-17T06:56:42+03:00" level=info msg="server is listening port 127.0.0.1:8080" func="main.start()" file="app.go,65"
time="2023-02-17T07:01:46+03:00" level=info msg="create router" func="main.main()" file="app.go,19"
time="2023-02-17T07:01:46+03:00" level=info msg="read application configuration" func="rest-api/internal/config.GetConfig.func1()" file="config.go,24"
time="2023-02-17T07:01:46+03:00" level=info msg="register user handler" func="main.main()" file="app.go,24"
time="2023-02-17T07:01:46+03:00" level=info msg="start application" func="main.start()" file="app.go,33"
time="2023-02-17T07:01:46+03:00" level=info msg="detect app path" func="main.start()" file="app.go,39"
time="2023-02-17T07:01:46+03:00" level=info msg="create socket" func="main.start()" file="app.go,44"
time="2023-02-17T07:01:46+03:00" level=info msg="listen unix socket" func="main.start()" file="app.go,47"
time="2023-02-17T07:01:46+03:00" level=info msg="server is listening unix socket: /Users/markshamchinski/GolandProjects/rest-api/build/app.sock" func="main.start()" file="app.go,49"
time="2023-02-21T15:38:17+03:00" level=info msg="create router" func="main.main()" file="app.go,19"
time="2023-02-21T15:38:17+03:00" level=info msg="read application configuration" func="rest-api/internal/config.GetConfig.func1()" file="config.go,24"
time="2023-02-21T15:38:17+03:00" level=info msg="register user handler" func="main.main()" file="app.go,24"
time="2023-02-21T15:38:17+03:00" level=info msg="start application" func="main.start()" file="app.go,33"
time="2023-02-21T15:38:17+03:00" level=info msg="detect app path" func="main.start()" file="app.go,39"
time="2023-02-21T15:38:17+03:00" level=info msg="create socket" func="main.start()" file="app.go,44"
time="2023-02-21T15:38:17+03:00" level=info msg="listen unix socket" func="main.start()" file="app.go,47"
time="2023-02-21T15:38:17+03:00" level=info msg="server is listening unix socket: /Users/markshamchinski/GolandProjects/rest-api/build/app.sock" func="main.start()" file="app.go,49"
time="2023-02-21T16:47:25+03:00" level=info msg="create router" func="main.main()" file="app.go,19"
time="2023-02-21T16:47:25+03:00" level=info msg="read application configuration" func="rest-api/internal/config.GetConfig.func1()" file="config.go,24"
time="2023-02-21T16:47:25+03:00" level=info msg="register user handler" func="main.main()" file="app.go,24"
time="2023-02-21T16:47:25+03:00" level=info msg="start application" func="main.start()" file="app.go,33"
time="2023-02-21T16:47:25+03:00" level=info msg="detect app path" func="main.start()" file="app.go,39"
time="2023-02-21T16:47:25+03:00" level=info msg="create socket" func="main.start()" file="app.go,44"
time="2023-02-21T16:47:25+03:00" level=info msg="listen unix socket" func="main.start()" file="app.go,47"
time="2023-02-21T16:47:25+03:00" level=info msg="server is listening unix socket: /Users/markshamchinski/GolandProjects/rest-api/build/app.sock" func="main.start()" file="app.go,49"
time="2023-02-21T16:47:51+03:00" level=info msg="create router" func="main.main()" file="app.go,19"
time="2023-02-21T16:47:51+03:00" level=info msg="read application configuration" func="rest-api/internal/config.GetConfig.func1()" file="config.go,24"
time="2023-02-21T16:47:51+03:00" level=info msg="register user handler" func="main.main()" file="app.go,24"
time="2023-02-21T16:47:51+03:00" level=info msg="start application" func="main.start()" file="app.go,33"
time="2023-02-21T16:47:51+03:00" level=info msg="detect app path" func="main.start()" file="app.go,39"
time="2023-02-21T16:47:51+03:00" level=info msg="create socket" func="main.start()" file="app.go,44"
time="2023-02-21T16:47:51+03:00" level=info msg="listen unix socket" func="main.start()" file="app.go,47"
time="2023-02-21T16:47:51+03:00" level=info msg="server is listening unix socket: /Users/markshamchinski/GolandProjects/rest-api/build/app.sock" func="main.start()" file="app.go,49"
time="2023-02-21T16:48:07+03:00" level=info msg="create router" func="main.main()" file="app.go,19"
time="2023-02-21T16:48:07+03:00" level=info msg="read application configuration" func="rest-api/internal/config.GetConfig.func1()" file="config.go,24"
time="2023-02-21T16:48:07+03:00" level=info msg="register user handler" func="main.main()" file="app.go,24"
time="2023-02-21T16:48:07+03:00" level=info msg="start application" func="main.start()" file="app.go,33"
time="2023-02-21T16:48:07+03:00" level=info msg="detect app path" func="main.start()" file="app.go,39"
time="2023-02-21T16:48:07+03:00" level=info msg="create socket" func="main.start()" file="app.go,44"
time="2023-02-21T16:48:07+03:00" level=info msg="listen unix socket" func="main.start()" file="app.go,47"
time="2023-02-21T16:48:07+03:00" level=info msg="server is listening unix socket: /Users/markshamchinski/GolandProjects/rest-api/build/app.sock" func="main.start()" file="app.go,49"
time="2023-02-21T16:48:38+03:00" level=info msg="create router" func="main.main()" file="app.go,19"
time="2023-02-21T16:48:38+03:00" level=info msg="read application configuration" func="rest-api/internal/config.GetConfig.func1()" file="config.go,24"
time="2023-02-21T16:48:38+03:00" level=info msg="register user handler" func="main.main()" file="app.go,24"
time="2023-02-21T16:48:38+03:00" level=info msg="start application" func="main.start()" file="app.go,33"
time="2023-02-21T16:48:38+03:00" level=info msg="detect app path" func="main.start()" file="app.go,39"
time="2023-02-21T16:48:38+03:00" level=info msg="create socket" func="main.start()" file="app.go,44"
time="2023-02-21T16:48:38+03:00" level=info msg="listen unix socket" func="main.start()" file="app.go,47"
time="2023-02-21T16:48:38+03:00" level=info msg="server is listening unix socket: /private/var/folders/kb/s241lmtx1fzgm3g1t4hljb3w0000gn/T/GoLand/app.sock" func="main.start()" file="app.go,49"
time="2023-02-21T16:49:22+03:00" level=info msg="create router" func="main.main()" file="app.go,19"
time="2023-02-21T16:49:22+03:00" level=info msg="read application configuration" func="rest-api/internal/config.GetConfig.func1()" file="config.go,24"
time="2023-02-21T16:49:22+03:00" level=info msg="register user handler" func="main.main()" file="app.go,24"
time="2023-02-21T16:49:22+03:00" level=info msg="start application" func="main.start()" file="app.go,33"
time="2023-02-21T16:49:22+03:00" level=info msg="Listen tcp" func="main.start()" file="app.go,51"
time="2023-02-21T16:49:22+03:00" level=info msg="server is listening port 0.0.0.0:10000" func="main.start()" file="app.go,53"
time="2023-02-21T16:49:29+03:00" level=info msg="create router" func="main.main()" file="app.go,19"
time="2023-02-21T16:49:29+03:00" level=info msg="read application configuration" func="rest-api/internal/config.GetConfig.func1()" file="config.go,24"
time="2023-02-21T16:49:29+03:00" level=info msg="register user handler" func="main.main()" file="app.go,24"
time="2023-02-21T16:49:29+03:00" level=info msg="start application" func="main.start()" file="app.go,33"
time="2023-02-21T16:49:29+03:00" level=info msg="Listen tcp" func="main.start()" file="app.go,51"
time="2023-02-21T16:49:29+03:00" level=info msg="server is listening port 0.0.0.0:10000" func="main.start()" file="app.go,53"
time="2023-02-21T16:49:40+03:00" level=info msg="create router" func="main.main()" file="app.go,19"
time="2023-02-21T16:49:40+03:00" level=info msg="read application configuration" func="rest-api/internal/config.GetConfig.func1()" file="config.go,24"
time="2023-02-21T16:49:40+03:00" level=info msg="register user handler" func="main.main()" file="app.go,24"
time="2023-02-21T16:49:40+03:00" level=info msg="start application" func="main.start()" file="app.go,33"
time="2023-02-21T16:49:40+03:00" level=info msg="detect app path" func="main.start()" file="app.go,39"
time="2023-02-21T16:49:40+03:00" level=info msg="create socket" func="main.start()" file="app.go,44"
time="2023-02-21T16:49:40+03:00" level=info msg="listen unix socket" func="main.start()" file="app.go,47"
time="2023-02-21T16:49:40+03:00" level=info msg="server is listening unix socket: /private/var/folders/kb/s241lmtx1fzgm3g1t4hljb3w0000gn/T/GoLand/app.sock" func="main.start()" file="app.go,49"
time="2023-02-21T16:50:26+03:00" level=info msg="create router" func="main.main()" file="app.go,19"
time="2023-02-21T16:50:26+03:00" level=info msg="read application configuration" func="rest-api/internal/config.GetConfig.func1()" file="config.go,24"
time="2023-02-21T16:50:26+03:00" level=info msg="register user handler" func="main.main()" file="app.go,24"
time="2023-02-21T16:50:26+03:00" level=info msg="start application" func="main.start()" file="app.go,33"
time="2023-02-21T16:50:26+03:00" level=info msg="detect app path" func="main.start()" file="app.go,39"
time="2023-02-21T16:50:26+03:00" level=info msg="create socket" func="main.start()" file="app.go,44"
time="2023-02-21T16:50:26+03:00" level=info msg="listen unix socket" func="main.start()" file="app.go,47"
time="2023-02-21T16:50:26+03:00" level=info msg="server is listening unix socket: /private/var/folders/kb/s241lmtx1fzgm3g1t4hljb3w0000gn/T/GoLand/app.sock" func="main.start()" file="app.go,49"
time="2023-02-21T16:51:17+03:00" level=info msg="create router" func="main.main()" file="app.go,19"
time="2023-02-21T16:51:17+03:00" level=info msg="read application configuration" func="rest-api/internal/config.GetConfig.func1()" file="config.go,24"
time="2023-02-21T16:51:17+03:00" level=info msg="register user handler" func="main.main()" file="app.go,24"
time="2023-02-21T16:51:17+03:00" level=info msg="start application" func="main.start()" file="app.go,33"
time="2023-02-21T16:51:17+03:00" level=info msg="detect app path" func="main.start()" file="app.go,39"
time="2023-02-21T16:51:17+03:00" level=info msg="create socket" func="main.start()" file="app.go,44"
time="2023-02-21T16:51:17+03:00" level=info msg="listen unix socket" func="main.start()" file="app.go,47"
time="2023-02-21T16:51:17+03:00" level=info msg="server is listening unix socket: /private/var/folders/kb/s241lmtx1fzgm3g1t4hljb3w0000gn/T/GoLand/app.sock" func="main.start()" file="app.go,49"
time="2023-02-21T16:52:14+03:00" level=info msg="create router" func="main.main()" file="app.go,19"
time="2023-02-21T16:52:14+03:00" level=info msg="read application configuration" func="rest-api/internal/config.GetConfig.func1()" file="config.go,24"
time="2023-02-21T16:52:14+03:00" level=info msg="register user handler" func="main.main()" file="app.go,24"
time="2023-02-21T16:52:14+03:00" level=info msg="start application" func="main.start()" file="app.go,33"
time="2023-02-21T16:52:14+03:00" level=info msg="detect app path" func="main.start()" file="app.go,39"
time="2023-02-21T16:52:14+03:00" level=info msg="create socket" func="main.start()" file="app.go,44"
time="2023-02-21T16:52:14+03:00" level=info msg="listen unix socket" func="main.start()" file="app.go,47"
time="2023-02-21T16:52:14+03:00" level=info msg="server is listening unix socket: /private/var/folders/kb/s241lmtx1fzgm3g1t4hljb3w0000gn/T/GoLand/app.sock" func="main.start()" file="app.go,49"
time="2023-02-21T16:52:29+03:00" level=info msg="create router" func="main.main()" file="app.go,19"
time="2023-02-21T16:52:29+03:00" level=info msg="read application configuration" func="rest-api/internal/config.GetConfig.func1()" file="config.go,24"
time="2023-02-21T16:52:29+03:00" level=info msg="register user handler" func="main.main()" file="app.go,24"
time="2023-02-21T16:52:29+03:00" level=info msg="start application" func="main.start()" file="app.go,33"
time="2023-02-21T16:52:29+03:00" level=info msg="Listen tcp" func="main.start()" file="app.go,51"
time="2023-02-21T16:52:29+03:00" level=info msg="server is listening port 0.0.0.0:10000" func="main.start()" file="app.go,53"
time="2023-02-21T16:52:42+03:00" level=info msg="create router" func="main.main()" file="app.go,19"
time="2023-02-21T16:52:42+03:00" level=info msg="read application configuration" func="rest-api/internal/config.GetConfig.func1()" file="config.go,24"
time="2023-02-21T16:52:42+03:00" level=info msg="register user handler" func="main.main()" file="app.go,24"
time="2023-02-21T16:52:42+03:00" level=info msg="start application" func="main.start()" file="app.go,33"
time="2023-02-21T16:52:42+03:00" level=info msg="Listen tcp" func="main.start()" file="app.go,51"
time="2023-02-21T16:52:42+03:00" level=info msg="server is listening port 0.0.0.0:10000" func="main.start()" file="app.go,53"
time="2023-02-21T16:52:57+03:00" level=info msg="create router" func="main.main()" file="app.go,19"
time="2023-02-21T16:52:57+03:00" level=info msg="read application configuration" func="rest-api/internal/config.GetConfig.func1()" file="config.go,24"
time="2023-02-21T16:52:57+03:00" level=info msg="register user handler" func="main.main()" file="app.go,24"
time="2023-02-21T16:52:57+03:00" level=info msg="start application" func="main.start()" file="app.go,33"
time="2023-02-21T16:52:57+03:00" level=info msg="Listen tcp" func="main.start()" file="app.go,51"
time="2023-02-21T16:52:57+03:00" level=info msg="server is listening port 0.0.0.0:10000" func="main.start()" file="app.go,53"
time="2023-02-21T16:53:07+03:00" level=info msg="create router" func="main.main()" file="app.go,19"
time="2023-02-21T16:53:07+03:00" level=info msg="read application configuration" func="rest-api/internal/config.GetConfig.func1()" file="config.go,24"
time="2023-02-21T16:53:07+03:00" level=info msg="register user handler" func="main.main()" file="app.go,24"
time="2023-02-21T16:53:07+03:00" level=info msg="start application" func="main.start()" file="app.go,33"
time="2023-02-21T16:53:07+03:00" level=info msg="detect app path" func="main.start()" file="app.go,39"
time="2023-02-21T16:53:07+03:00" level=info msg="create socket" func="main.start()" file="app.go,44"
time="2023-02-21T16:53:07+03:00" level=info msg="listen unix socket" func="main.start()" file="app.go,47"
time="2023-02-21T16:53:07+03:00" level=info msg="server is listening unix socket: /Users/markshamchinski/GolandProjects/rest-api/build/app.sock" func="main.start()" file="app.go,49"
time="2023-02-21T16:53:42+03:00" level=info msg="create router" func="main.main()" file="app.go,19"
time="2023-02-21T16:53:42+03:00" level=info msg="read application configuration" func="rest-api/internal/config.GetConfig.func1()" file="config.go,24"
time="2023-02-21T16:53:42+03:00" level=info msg="register user handler" func="main.main()" file="app.go,24"
time="2023-02-21T16:53:42+03:00" level=info msg="start application" func="main.start()" file="app.go,33"
time="2023-02-21T16:53:42+03:00" level=info msg="detect app path" func="main.start()" file="app.go,39"
time="2023-02-21T16:53:42+03:00" level=info msg="create socket" func="main.start()" file="app.go,44"
time="2023-02-21T16:53:42+03:00" level=info msg="listen unix socket" func="main.start()" file="app.go,47"
time="2023-02-21T16:53:42+03:00" level=info msg="server is listening unix socket: /Users/markshamchinski/GolandProjects/rest-api/build/app.sock" func="main.start()" file="app.go,49"
time="2023-02-21T16:53:54+03:00" level=info msg="create router" func="main.main()" file="app.go,19"
time="2023-02-21T16:53:54+03:00" level=info msg="read application configuration" func="rest-api/internal/config.GetConfig.func1()" file="config.go,24"
time="2023-02-21T16:53:54+03:00" level=info msg="register user handler" func="main.main()" file="app.go,24"
time="2023-02-21T16:53:54+03:00" level=info msg="start application" func="main.start()" file="app.go,33"
time="2023-02-21T16:53:54+03:00" level=info msg="detect app path" func="main.start()" file="app.go,39"
time="2023-02-21T16:53:54+03:00" level=info msg="create socket" func="main.start()" file="app.go,44"
time="2023-02-21T16:53:54+03:00" level=info msg="listen unix socket" func="main.start()" file="app.go,47"
time="2023-02-21T16:53:54+03:00" level=info msg="server is listening unix socket: /private/var/folders/kb/s241lmtx1fzgm3g1t4hljb3w0000gn/T/GoLand/app.sock" func="main.start()" file="app.go,49"
time="2023-02-21T16:54:01+03:00" level=info msg="create router" func="main.main()" file="app.go,19"
time="2023-02-21T16:54:01+03:00" level=info msg="read application configuration" func="rest-api/internal/config.GetConfig.func1()" file="config.go,24"
time="2023-02-21T16:54:01+03:00" level=info msg="register user handler" func="main.main()" file="app.go,24"
time="2023-02-21T16:54:01+03:00" level=info msg="start application" func="main.start()" file="app.go,33"
time="2023-02-21T16:54:01+03:00" level=info msg="Listen tcp" func="main.start()" file="app.go,51"
time="2023-02-21T16:54:01+03:00" level=info msg="server is listening port 0.0.0.0:10000" func="main.start()" file="app.go,53"
time="2023-02-26T02:23:49+03:00" level=info msg="create router" func="main.main()" file="app.go,22"
time="2023-02-26T02:23:49+03:00" level=info msg="read application configuration" func="rest-api/internal/config.GetConfig.func1()" file="config.go,33"
time="2023-02-26T02:24:26+03:00" level=info msg="create router" func="main.main()" file="app.go,22"
time="2023-02-26T02:24:26+03:00" level=info msg="read application configuration" func="rest-api/internal/config.GetConfig.func1()" file="config.go,33"
time="2023-02-26T02:25:50+03:00" level=info msg="create router" func="main.main()" file="app.go,22"
time="2023-02-26T02:25:50+03:00" level=info msg="read application configuration" func="rest-api/internal/config.GetConfig.func1()" file="config.go,33"
time="2023-02-26T02:26:43+03:00" level=info msg="create router" func="main.main()" file="app.go,22"
time="2023-02-26T02:26:43+03:00" level=info msg="read application configuration" func="rest-api/internal/config.GetConfig.func1()" file="config.go,33"
time="2023-02-26T02:27:04+03:00" level=info msg="create router" func="main.main()" file="app.go,22"
time="2023-02-26T02:27:04+03:00" level=info msg="read application configuration" func="rest-api/internal/config.GetConfig.func1()" file="config.go,33"
time="2023-02-26T02:27:33+03:00" level=info msg="create router" func="main.main()" file="app.go,22"
time="2023-02-26T02:27:33+03:00" level=info msg="read application configuration" func="rest-api/internal/config.GetConfig.func1()" file="config.go,33"
time="2023-02-26T02:38:00+03:00" level=info msg="create router" func="main.main()" file="app.go,22"
time="2023-02-26T02:38:00+03:00" level=info msg="read application configuration" func="rest-api/internal/config.GetConfig.func1()" file="config.go,33"
time="2023-02-26T02:40:15+03:00" level=info msg="create router" func="main.main()" file="app.go,22"
time="2023-02-26T02:40:15+03:00" level=info msg="read application configuration" func="rest-api/internal/config.GetConfig.func1()" file="config.go,33"
time="2023-02-26T02:44:34+03:00" level=info msg="create router" func="main.main()" file="app.go,22"
time="2023-02-26T02:44:34+03:00" level=info msg="read application configuration" func="rest-api/internal/config.GetConfig.func1()" file="config.go,33"
time="2023-02-26T02:45:54+03:00" level=info msg="create router" func="main.main()" file="app.go,22"
time="2023-02-26T02:45:54+03:00" level=info msg="read application configuration" func="rest-api/internal/config.GetConfig.func1()" file="config.go,33"
time="2023-02-26T02:50:12+03:00" level=info msg="create router" func="main.main()" file="app.go,22"
time="2023-02-26T02:50:12+03:00" level=info msg="read application configuration" func="rest-api/internal/config.GetConfig.func1()" file="config.go,33"
time="2023-02-26T02:51:40+03:00" level=info msg="create router" func="main.main()" file="app.go,22"
time="2023-02-26T02:51:40+03:00" level=info msg="read application configuration" func="rest-api/internal/config.GetConfig.func1()" file="config.go,33"
time="2023-02-26T02:55:22+03:00" level=info msg="create router" func="main.main()" file="app.go,22"
time="2023-02-26T02:55:22+03:00" level=info msg="read application configuration" func="rest-api/internal/config.GetConfig.func1()" file="config.go,33"
time="2023-02-26T02:58:40+03:00" level=info msg="create router" func="main.main()" file="app.go,22"
time="2023-02-26T02:58:40+03:00" level=info msg="read application configuration" func="rest-api/internal/config.GetConfig.func1()" file="config.go,33"
time="2023-02-26T03:00:57+03:00" level=info msg="create router" func="main.main()" file="app.go,22"
time="2023-02-26T03:00:57+03:00" level=info msg="read application configuration" func="rest-api/internal/config.GetConfig.func1()" file="config.go,33"
time="2023-02-26T03:03:37+03:00" level=info msg="create router" func="main.main()" file="app.go,22"
time="2023-02-26T03:03:37+03:00" level=info msg="read application configuration" func="rest-api/internal/config.GetConfig.func1()" file="config.go,33"
time="2023-02-26T03:12:38+03:00" level=info msg="create router" func="main.main()" file="app.go,22"
time="2023-02-26T03:12:38+03:00" level=info msg="read application configuration" func="rest-api/internal/config.GetConfig.func1()" file="config.go,33"
time="2023-02-26T03:13:21+03:00" level=info msg="create router" func="main.main()" file="app.go,22"
time="2023-02-26T03:13:21+03:00" level=info msg="read application configuration" func="rest-api/internal/config.GetConfig.func1()" file="config.go,33"
time="2023-02-26T03:13:50+03:00" level=debug msg="create user" func="rest-api/internal/user/db.db.Create()" file="mongodb.go,20"
time="2023-02-26T03:13:50+03:00" level=debug msg="convert InsertedID to ObjectID" func="rest-api/internal/user/db.db.Create()" file="mongodb.go,26"
time="2023-02-26T03:13:53+03:00" level=info msg=63faa43eb0c55f5c72204b91 func="main.main()" file="app.go,48"
time="2023-02-26T03:13:55+03:00" level=info msg="start application" func="main.start()" file="app.go,57"
time="2023-02-26T03:13:55+03:00" level=info msg="detect app path" func="main.start()" file="app.go,63"
time="2023-02-26T03:13:55+03:00" level=info msg="create socket" func="main.start()" file="app.go,68"
time="2023-02-26T03:13:55+03:00" level=info msg="listen unix socket" func="main.start()" file="app.go,71"
time="2023-02-26T03:13:55+03:00" level=info msg="server is listening unix socket: /private/var/folders/kb/s241lmtx1fzgm3g1t4hljb3w0000gn/T/GoLand/app.sock" func="main.start()" file="app.go,73"
time="2023-02-26T03:14:29+03:00" level=info msg="create router" func="main.main()" file="app.go,22"
time="2023-02-26T03:14:29+03:00" level=info msg="read application configuration" func="rest-api/internal/config.GetConfig.func1()" file="config.go,33"
time="2023-02-26T03:14:50+03:00" level=debug msg="create user" func="rest-api/internal/user/db.db.Create()" file="mongodb.go,20"
time="2023-02-26T03:14:50+03:00" level=debug msg="convert InsertedID to ObjectID" func="rest-api/internal/user/db.db.Create()" file="mongodb.go,26"
time="2023-02-26T03:15:04+03:00" level=info msg=63faa47a65c71fdfa5270d56 func="main.main()" file="app.go,48"
time="2023-02-26T03:15:13+03:00" level=info msg="start application" func="main.start()" file="app.go,57"
time="2023-02-26T03:15:13+03:00" level=info msg="Listen tcp" func="main.start()" file="app.go,75"
time="2023-02-26T03:15:13+03:00" level=info msg="server is listening port 0.0.0.0:10000" func="main.start()" file="app.go,77"
time="2023-02-26T03:42:42+03:00" level=info msg="create router" func="main.main()" file="app.go,22"
time="2023-02-26T03:42:42+03:00" level=info msg="read application configuration" func="rest-api/internal/config.GetConfig.func1()" file="config.go,33"
time="2023-02-26T03:43:07+03:00" level=debug msg="create user" func="rest-api/internal/user/db.db.Create()" file="mongodb.go,20"
time="2023-02-26T03:43:07+03:00" level=debug msg="convert InsertedID to ObjectID" func="rest-api/internal/user/db.db.Create()" file="mongodb.go,26"
time="2023-02-26T03:43:12+03:00" level=info msg=63faab1b73986a8fc96125aa func="main.main()" file="app.go,48"
time="2023-02-26T03:43:17+03:00" level=debug msg="create user" func="rest-api/internal/user/db.db.Create()" file="mongodb.go,20"
time="2023-02-26T03:43:17+03:00" level=debug msg="convert InsertedID to ObjectID" func="rest-api/internal/user/db.db.Create()" file="mongodb.go,26"
time="2023-02-26T03:43:22+03:00" level=info msg=63faab2573986a8fc96125ab func="main.main()" file="app.go,62"
time="2023-02-26T03:44:55+03:00" level=trace msg="Matched 1 documents and modified 1 documents" func="rest-api/internal/user/db.db.Update()" file="mongodb.go,89"
time="2023-02-26T03:45:10+03:00" level=trace msg="Matched 1 documents" func="rest-api/internal/user/db.db.Delete()" file="mongodb.go,107"
time="2023-02-26T04:04:30+03:00" level=info msg="create router" func="main.main()" file="app.go,22"
time="2023-02-26T04:04:30+03:00" level=info msg="read application configuration" func="rest-api/internal/config.GetConfig.func1()" file="config.go,33"
time="2023-02-28T16:50:40+03:00" level=info msg="create router" func="main.main()" file="app.go,19"
time="2023-02-28T16:50:40+03:00" level=info msg="read application configuration" func="rest-api/internal/config.GetConfig.func1()" file="config.go,33"
time="2023-02-28T16:50:40+03:00" level=info msg="register user handler" func="main.main()" file="app.go,33"
time="2023-02-28T16:50:40+03:00" level=info msg="start application" func="main.start()" file="app.go,42"
time="2023-02-28T16:50:40+03:00" level=info msg="Listen tcp" func="main.start()" file="app.go,60"
time="2023-02-28T16:50:40+03:00" level=info msg="server is listening port 0.0.0.0:10000" func="main.start()" file="app.go,62"
time="2023-02-28T17:00:05+03:00" level=info msg="create router" func="main.main()" file="app.go,19"
time="2023-02-28T17:00:05+03:00" level=info msg="read application configuration" func="rest-api/internal/config.GetConfig.func1()" file="config.go,33"
time="2023-02-28T17:00:05+03:00" level=info msg="register user handler" func="main.main()" file="app.go,33"
time="2023-02-28T17:00:05+03:00" level=info msg="start application" func="main.start()" file="app.go,42"
time="2023-02-28T17:00:05+03:00" level=info msg="Listen tcp" func="main.start()" file="app.go,60"
time="2023-02-28T17:00:05+03:00" level=info msg="server is listening port 0.0.0.0:10000" func="main.start()" file="app.go,62"
time="2023-02-28T17:00:15+03:00" level=info msg="create router" func="main.main()" file="app.go,19"
time="2023-02-28T17:00:15+03:00" level=info msg="read application configuration" func="rest-api/internal/config.GetConfig.func1()" file="config.go,33"
time="2023-02-28T17:00:15+03:00" level=info msg="register user handler" func="main.main()" file="app.go,33"
time="2023-02-28T17:00:15+03:00" level=info msg="start application" func="main.start()" file="app.go,42"
time="2023-02-28T17:00:15+03:00" level=info msg="Listen tcp" func="main.start()" file="app.go,60"
time="2023-02-28T17:00:15+03:00" level=info msg="server is listening port 0.0.0.0:10000" func="main.start()" file="app.go,62"
time="2023-02-28T17:00:49+03:00" level=info msg="create router" func="main.main()" file="app.go,19"
time="2023-02-28T17:00:49+03:00" level=info msg="read application configuration" func="rest-api/internal/config.GetConfig.func1()" file="config.go,33"
time="2023-02-28T17:00:49+03:00" level=info msg="register user handler" func="main.main()" file="app.go,33"
time="2023-02-28T17:00:49+03:00" level=info msg="start application" func="main.start()" file="app.go,42"
time="2023-02-28T17:00:49+03:00" level=info msg="Listen tcp" func="main.start()" file="app.go,60"
time="2023-02-28T17:00:49+03:00" level=info msg="server is listening port 127.0.0.1:1234" func="main.start()" file="app.go,62"
time="2023-02-28T17:06:12+03:00" level=info msg="create router" func="main.main()" file="app.go,19"
time="2023-02-28T17:06:12+03:00" level=info msg="read application configuration" func="rest-api/internal/config.GetConfig.func1()" file="config.go,33"
time="2023-02-28T17:06:12+03:00" level=info msg="register user handler" func="main.main()" file="app.go,33"
time="2023-02-28T17:06:12+03:00" level=info msg="start application" func="main.start()" file="app.go,42"
time="2023-02-28T17:06:12+03:00" level=info msg="Listen tcp" func="main.start()" file="app.go,60"
time="2023-02-28T17:06:12+03:00" level=info msg="server is listening port 127.0.0.1:1234" func="main.start()" file="app.go,62"
time="2023-02-28T17:06:43+03:00" level=info msg="create router" func="main.main()" file="app.go,19"
time="2023-02-28T17:06:43+03:00" level=info msg="read application configuration" func="rest-api/internal/config.GetConfig.func1()" file="config.go,33"
time="2023-02-28T17:06:43+03:00" level=info msg="register user handler" func="main.main()" file="app.go,33"
time="2023-02-28T17:06:43+03:00" level=info msg="start application" func="main.start()" file="app.go,42"
time="2023-02-28T17:06:43+03:00" level=info msg="Listen tcp" func="main.start()" file="app.go,60"
time="2023-02-28T17:06:43+03:00" level=info msg="server is listening port 127.0.0.1:1234" func="main.start()" file="app.go,62"
time="2023-02-28T17:09:27+03:00" level=info msg="create router" func="main.main()" file="app.go,19"
time="2023-02-28T17:09:27+03:00" level=info msg="read application configuration" func="rest-api/internal/config.GetConfig.func1()" file="config.go,33"
time="2023-02-28T17:09:27+03:00" level=info msg="register user handler" func="main.main()" file="app.go,33"
time="2023-02-28T17:09:27+03:00" level=info msg="start application" func="main.start()" file="app.go,42"
time="2023-02-28T17:09:27+03:00" level=info msg="Listen tcp" func="main.start()" file="app.go,60"
time="2023-02-28T17:09:27+03:00" level=info msg="server is listening port 127.0.0.1:1234" func="main.start()" file="app.go,62"
time="2023-02-28T17:15:38+03:00" level=info msg="create router" func="main.main()" file="app.go,19"
time="2023-02-28T17:15:38+03:00" level=info msg="read application configuration" func="rest-api/internal/config.GetConfig.func1()" file="config.go,33"
time="2023-02-28T17:15:38+03:00" level=info msg="register user handler" func="main.main()" file="app.go,33"
time="2023-02-28T17:15:38+03:00" level=info msg="start application" func="main.start()" file="app.go,42"
time="2023-02-28T17:15:38+03:00" level=info msg="Listen tcp" func="main.start()" file="app.go,60"
time="2023-02-28T17:15:38+03:00" level=info msg="server is listening port 127.0.0.1:1234" func="main.start()" file="app.go,62"
time="2023-02-28T17:17:48+03:00" level=info msg="create router" func="main.main()" file="app.go,19"
time="2023-02-28T17:17:48+03:00" level=info msg="read application configuration" func="rest-api/internal/config.GetConfig.func1()" file="config.go,33"
time="2023-02-28T17:17:48+03:00" level=info msg="register user handler" func="main.main()" file="app.go,33"
time="2023-02-28T17:17:48+03:00" level=info msg="start application" func="main.start()" file="app.go,42"
time="2023-02-28T17:17:48+03:00" level=info msg="Listen tcp" func="main.start()" file="app.go,60"
time="2023-02-28T17:17:48+03:00" level=info msg="server is listening port 127.0.0.1:1234" func="main.start()" file="app.go,62"
time="2023-02-28T17:24:27+03:00" level=info msg="create router" func="main.main()" file="app.go,19"
time="2023-02-28T17:24:27+03:00" level=info msg="read application configuration" func="rest-api/internal/config.GetConfig.func1()" file="config.go,33"
time="2023-02-28T17:24:27+03:00" level=info msg="register user handler" func="main.main()" file="app.go,33"
time="2023-02-28T17:24:27+03:00" level=info msg="start application" func="main.start()" file="app.go,42"
time="2023-02-28T17:24:27+03:00" level=info msg="Listen tcp" func="main.start()" file="app.go,60"
time="2023-02-28T17:24:27+03:00" level=info msg="server is listening port 127.0.0.1:1234" func="main.start()" file="app.go,62"
